<?xml version="1.0" encoding="UTF-8"?>
<!-- Generated by org.testng.reporters.JUnitReportReporter -->
<testsuite hostname="LAPTOP-PCE3CPOU" failures="0" tests="1" name="end_to_end.TestCase1Test" time="41.510" errors="0" timestamp="2023-06-20T10:07:45 IST" skipped="0">
  <testcase classname="end_to_end.TestCase1Test" name="BuyJweleryTest" time="41.510"/>
  <system-out/>
</testsuite> <!-- end_to_end.TestCase1Test -->
