<?xml version="1.0" encoding="UTF-8"?>
<!-- Generated by org.testng.reporters.JUnitReportReporter -->
<testsuite hostname="LAPTOP-PCE3CPOU" failures="0" tests="1" name="end_to_end.Test_Case_2Test" time="45.358" errors="0" timestamp="2023-06-20T10:07:45 IST" skipped="0">
  <testcase classname="end_to_end.Test_Case_2Test" name="BuyJweleryTest" time="45.358"/>
  <system-out/>
</testsuite> <!-- end_to_end.Test_Case_2Test -->
