<?xml version="1.0" encoding="UTF-8"?>
<!-- Generated by org.testng.reporters.JUnitReportReporter -->
<testsuite hostname="LAPTOP-PCE3CPOU" failures="0" tests="2" name="demoshop.Register" time="37.082" errors="0" timestamp="2023-06-15T10:12:12 IST" skipped="0">
  <testcase classname="demoshop.Register" name="register" time="22.861"/>
  <system-out/>
  <testcase classname="demoshop.Register" name="register" time="14.221"/>
  <system-out/>
</testsuite> <!-- demoshop.Register -->
