<?xml version="1.0" encoding="UTF-8"?>
<!-- Generated by org.testng.reporters.JUnitReportReporter -->
<testsuite hostname="LAPTOP-PCE3CPOU" failures="0" tests="1" name="end_to_end.TestCase1" time="36.954" errors="0" timestamp="2023-06-19T15:49:20 IST" skipped="0">
  <testcase classname="end_to_end.TestCase1" name="BuyJweleryTest" time="36.954"/>
  <system-out/>
</testsuite> <!-- end_to_end.TestCase1 -->
